TN:
SF:src/app.controller.ts
FN:9,(anonymous_2)
FN:13,(anonymous_3)
FNF:2
FNH:1
FNDA:1,(anonymous_2)
FNDA:0,(anonymous_3)
DA:1,1
DA:2,1
DA:3,1
DA:4,1
DA:8,1
DA:9,1
DA:13,1
DA:14,0
LF:8
LH:7
BRF:0
BRH:0
end_of_record
TN:
SF:src/app.module.ts
FN:25,(anonymous_1)
FNF:1
FNH:0
FNDA:0,(anonymous_1)
DA:1,0
DA:2,0
DA:3,0
DA:4,0
DA:5,0
DA:6,0
DA:7,0
DA:8,0
DA:11,0
DA:12,0
DA:13,0
DA:14,0
DA:25,0
DA:47,0
LF:14
LH:0
BRF:0
BRH:0
end_of_record
TN:
SF:src/app.service.ts
FN:5,(anonymous_1)
FNF:1
FNH:1
FNDA:1,(anonymous_1)
DA:1,2
DA:4,2
DA:6,1
LF:3
LH:3
BRF:0
BRH:0
end_of_record
TN:
SF:src/main.ts
FN:6,bootstrap
FNF:1
FNH:0
FNDA:0,bootstrap
DA:1,0
DA:2,0
DA:3,0
DA:4,0
DA:7,0
DA:8,0
DA:9,0
DA:10,0
DA:12,0
DA:18,0
DA:19,0
DA:20,0
DA:22,0
LF:13
LH:0
BRF:0
BRH:0
end_of_record
TN:
SF:src/auth/auth.controller.ts
FN:19,(anonymous_4)
FN:23,(anonymous_5)
FN:30,(anonymous_6)
FN:36,(anonymous_7)
FNF:4
FNH:0
FNDA:0,(anonymous_4)
FNDA:0,(anonymous_5)
FNDA:0,(anonymous_6)
FNDA:0,(anonymous_7)
DA:1,0
DA:10,0
DA:11,0
DA:12,0
DA:13,0
DA:14,0
DA:18,0
DA:19,0
DA:23,0
DA:24,0
DA:30,0
DA:31,0
DA:36,0
DA:42,0
LF:14
LH:0
BRF:0
BRH:0
end_of_record
TN:
SF:src/auth/auth.guard.ts
FN:15,(anonymous_2)
FN:20,(anonymous_3)
FN:48,(anonymous_4)
FNF:3
FNH:0
FNDA:0,(anonymous_2)
FNDA:0,(anonymous_3)
FNDA:0,(anonymous_4)
DA:1,0
DA:8,0
DA:10,0
DA:11,0
DA:14,0
DA:16,0
DA:17,0
DA:21,0
DA:25,0
DA:27,0
DA:30,0
DA:31,0
DA:32,0
DA:33,0
DA:35,0
DA:36,0
DA:41,0
DA:43,0
DA:45,0
DA:49,0
DA:50,0
LF:21
LH:0
BRDA:25,0,0,0
BRDA:32,1,0,0
BRDA:49,2,0,0
BRDA:49,2,1,0
BRDA:50,3,0,0
BRDA:50,3,1,0
BRF:6
BRH:0
end_of_record
TN:
SF:src/auth/auth.module.ts
FN:15,(anonymous_1)
FNF:1
FNH:0
FNDA:0,(anonymous_1)
DA:1,0
DA:2,0
DA:3,0
DA:4,0
DA:5,0
DA:6,0
DA:7,0
DA:8,0
DA:15,0
DA:34,0
LF:10
LH:0
BRF:0
BRH:0
end_of_record
TN:
SF:src/auth/auth.service.ts
FN:10,(anonymous_2)
FN:15,(anonymous_3)
FN:30,(anonymous_4)
FNF:3
FNH:0
FNDA:0,(anonymous_2)
FNDA:0,(anonymous_3)
FNDA:0,(anonymous_4)
DA:1,0
DA:3,0
DA:4,0
DA:6,0
DA:9,0
DA:11,0
DA:12,0
DA:16,0
DA:17,0
DA:19,0
DA:20,0
DA:21,0
DA:27,0
DA:31,0
DA:32,0
LF:15
LH:0
BRDA:19,0,0,0
BRDA:19,1,0,0
BRDA:19,1,1,0
BRF:3
BRH:0
end_of_record
TN:
SF:src/auth/decorators/public.decorator.ts
FN:4,(anonymous_0)
FNF:1
FNH:1
FNDA:3,(anonymous_0)
DA:1,3
DA:3,3
DA:4,3
LF:3
LH:3
BRF:0
BRH:0
end_of_record
TN:
SF:src/auth/dto/sign-in.dto.ts
FNF:0
FNH:0
DA:1,0
DA:3,0
DA:5,0
DA:8,0
LF:4
LH:0
BRF:0
BRH:0
end_of_record
TN:
SF:src/auth/dto/sign-up-dto.ts
FNF:0
FNH:0
DA:1,0
LF:1
LH:0
BRF:0
BRH:0
end_of_record
TN:
SF:src/dashboard/dashboard.controller.ts
FN:10,(anonymous_2)
FN:14,(anonymous_3)
FNF:2
FNH:2
FNDA:2,(anonymous_2)
FNDA:1,(anonymous_3)
DA:1,1
DA:2,1
DA:3,1
DA:4,1
DA:9,1
DA:10,2
DA:14,1
DA:15,1
LF:8
LH:8
BRF:0
BRH:0
end_of_record
TN:
SF:src/dashboard/dashboard.module.ts
FNF:0
FNH:0
DA:1,0
DA:2,0
DA:3,0
DA:4,0
DA:5,0
DA:6,0
DA:13,0
LF:7
LH:0
BRF:0
BRH:0
end_of_record
TN:
SF:src/dashboard/dashboard.service.ts
FN:10,(anonymous_2)
FN:16,(anonymous_3)
FNF:2
FNH:2
FNDA:2,(anonymous_2)
FNDA:1,(anonymous_3)
DA:1,2
DA:3,2
DA:4,2
DA:6,2
DA:9,2
DA:11,2
DA:12,2
DA:13,2
DA:17,1
DA:18,1
DA:19,1
DA:21,1
DA:24,1
DA:26,1
LF:14
LH:14
BRF:0
BRH:0
end_of_record
TN:
SF:src/dashboard/dto/create-dashboard.dto.ts
FNF:0
FNH:0
DA:1,0
LF:1
LH:0
BRF:0
BRH:0
end_of_record
TN:
SF:src/dashboard/dto/dashboatd.dto.ts
FNF:0
FNH:0
DA:1,0
DA:4,0
DA:6,0
DA:9,0
DA:12,0
LF:5
LH:0
BRF:0
BRH:0
end_of_record
TN:
SF:src/dashboard/dto/update-dashboard.dto.ts
FNF:0
FNH:0
DA:1,0
DA:2,0
DA:4,0
LF:3
LH:0
BRF:0
BRH:0
end_of_record
TN:
SF:src/dashboard/entities/dashboard.entity.ts
FNF:0
FNH:0
DA:1,0
LF:1
LH:0
BRF:0
BRH:0
end_of_record
TN:
SF:src/experiences/experiences.controller.ts
FN:18,(anonymous_4)
FN:21,(anonymous_5)
FN:26,(anonymous_6)
FN:31,(anonymous_7)
FN:36,(anonymous_8)
FN:44,(anonymous_9)
FNF:6
FNH:0
FNDA:0,(anonymous_4)
FNDA:0,(anonymous_5)
FNDA:0,(anonymous_6)
FNDA:0,(anonymous_7)
FNDA:0,(anonymous_8)
FNDA:0,(anonymous_9)
DA:1,0
DA:10,0
DA:11,0
DA:12,0
DA:13,0
DA:17,0
DA:18,0
DA:21,0
DA:22,0
DA:26,0
DA:27,0
DA:31,0
DA:32,0
DA:36,0
DA:40,0
DA:44,0
DA:45,0
LF:17
LH:0
BRF:0
BRH:0
end_of_record
TN:
SF:src/experiences/experiences.module.ts
FNF:0
FNH:0
DA:1,0
DA:2,0
DA:3,0
DA:4,0
DA:5,0
DA:12,0
LF:6
LH:0
BRF:0
BRH:0
end_of_record
TN:
SF:src/experiences/experiences.service.ts
FN:10,(anonymous_4)
FN:15,(anonymous_5)
FN:21,(anonymous_6)
FN:29,(anonymous_7)
FN:38,(anonymous_8)
FN:51,(anonymous_9)
FNF:6
FNH:0
FNDA:0,(anonymous_4)
FNDA:0,(anonymous_5)
FNDA:0,(anonymous_6)
FNDA:0,(anonymous_7)
FNDA:0,(anonymous_8)
FNDA:0,(anonymous_9)
DA:1,0
DA:4,0
DA:5,0
DA:6,0
DA:9,0
DA:12,0
DA:16,0
DA:18,0
DA:22,0
DA:30,0
DA:32,0
DA:33,0
DA:35,0
DA:39,0
DA:41,0
DA:46,0
DA:48,0
DA:52,0
DA:53,0
LF:19
LH:0
BRDA:32,0,0,0
BRF:1
BRH:0
end_of_record
TN:
SF:src/experiences/dto/create-experience.dto.ts
FNF:0
FNH:0
DA:1,0
DA:3,0
DA:5,0
DA:8,0
DA:11,0
DA:14,0
DA:17,0
DA:20,0
LF:8
LH:0
BRF:0
BRH:0
end_of_record
TN:
SF:src/experiences/dto/update-experience.dto.ts
FNF:0
FNH:0
DA:1,0
DA:2,0
DA:4,0
LF:3
LH:0
BRF:0
BRH:0
end_of_record
TN:
SF:src/experiences/entities/experience.entity.ts
FN:40,(anonymous_2)
FN:46,(anonymous_3)
FNF:2
FNH:0
FNDA:0,(anonymous_2)
FNDA:0,(anonymous_3)
DA:1,0
DA:10,0
DA:12,0
DA:15,0
DA:18,0
DA:21,0
DA:24,0
DA:27,0
DA:30,0
DA:33,0
DA:36,0
DA:40,0
DA:42,0
DA:46,0
DA:49,0
LF:15
LH:0
BRF:0
BRH:0
end_of_record
TN:
SF:src/projects/projects.controller.ts
FN:18,(anonymous_4)
FN:21,(anonymous_5)
FN:26,(anonymous_6)
FN:31,(anonymous_7)
FN:36,(anonymous_8)
FN:41,(anonymous_9)
FNF:6
FNH:0
FNDA:0,(anonymous_4)
FNDA:0,(anonymous_5)
FNDA:0,(anonymous_6)
FNDA:0,(anonymous_7)
FNDA:0,(anonymous_8)
FNDA:0,(anonymous_9)
DA:1,0
DA:10,0
DA:11,0
DA:12,0
DA:13,0
DA:17,0
DA:18,0
DA:21,0
DA:22,0
DA:26,0
DA:27,0
DA:31,0
DA:32,0
DA:36,0
DA:37,0
DA:41,0
DA:42,0
LF:17
LH:0
BRF:0
BRH:0
end_of_record
TN:
SF:src/projects/projects.module.ts
FNF:0
FNH:0
DA:1,0
DA:2,0
DA:3,0
DA:4,0
DA:5,0
DA:6,0
DA:14,0
LF:7
LH:0
BRF:0
BRH:0
end_of_record
TN:
SF:src/projects/projects.service.ts
FN:11,(anonymous_4)
FN:18,(anonymous_5)
FN:31,(anonymous_6)
FN:35,(anonymous_7)
FN:39,(anonymous_8)
FN:51,(anonymous_9)
FN:62,(anonymous_10)
FN:85,(anonymous_11)
FNF:8
FNH:0
FNDA:0,(anonymous_4)
FNDA:0,(anonymous_5)
FNDA:0,(anonymous_6)
FNDA:0,(anonymous_7)
FNDA:0,(anonymous_8)
FNDA:0,(anonymous_9)
FNDA:0,(anonymous_10)
FNDA:0,(anonymous_11)
DA:1,2
DA:4,2
DA:5,2
DA:6,2
DA:7,2
DA:10,2
DA:13,0
DA:15,0
DA:19,0
DA:23,0
DA:28,0
DA:32,0
DA:36,0
DA:40,0
DA:45,0
DA:46,0
DA:48,0
DA:52,0
DA:59,0
DA:66,0
DA:67,0
DA:69,0
DA:74,0
DA:75,0
DA:79,0
DA:82,0
DA:86,0
DA:88,0
LF:28
LH:6
BRDA:45,0,0,0
BRDA:74,1,0,0
BRF:2
BRH:0
end_of_record
TN:
SF:src/projects/dto/create-project.dto.ts
FNF:0
FNH:0
DA:1,0
DA:3,0
DA:5,0
DA:8,0
DA:13,0
DA:17,0
LF:6
LH:0
BRF:0
BRH:0
end_of_record
TN:
SF:src/projects/dto/update-project.dto.ts
FNF:0
FNH:0
DA:1,0
DA:2,0
DA:4,0
LF:3
LH:0
BRF:0
BRH:0
end_of_record
TN:
SF:src/projects/entities/project.entity.ts
FN:31,(anonymous_2)
FN:37,(anonymous_3)
FN:42,(anonymous_4)
FN:42,(anonymous_5)
FNF:4
FNH:0
FNDA:0,(anonymous_2)
FNDA:0,(anonymous_3)
FNDA:0,(anonymous_4)
FNDA:0,(anonymous_5)
DA:1,2
DA:2,2
DA:13,2
DA:15,2
DA:18,2
DA:21,2
DA:24,2
DA:27,2
DA:31,0
DA:33,2
DA:37,0
DA:40,2
DA:42,0
DA:44,2
LF:14
LH:11
BRF:0
BRH:0
end_of_record
TN:
SF:src/stacks/stacks.controller.ts
FN:18,(anonymous_4)
FN:21,(anonymous_5)
FN:26,(anonymous_6)
FN:31,(anonymous_7)
FN:36,(anonymous_8)
FN:41,(anonymous_9)
FNF:6
FNH:0
FNDA:0,(anonymous_4)
FNDA:0,(anonymous_5)
FNDA:0,(anonymous_6)
FNDA:0,(anonymous_7)
FNDA:0,(anonymous_8)
FNDA:0,(anonymous_9)
DA:1,0
DA:10,0
DA:11,0
DA:12,0
DA:13,0
DA:17,0
DA:18,0
DA:21,0
DA:22,0
DA:26,0
DA:27,0
DA:31,0
DA:32,0
DA:36,0
DA:37,0
DA:41,0
DA:42,0
LF:17
LH:0
BRF:0
BRH:0
end_of_record
TN:
SF:src/stacks/stacks.module.ts
FNF:0
FNH:0
DA:1,0
DA:2,0
DA:3,0
DA:4,0
DA:5,0
DA:13,0
LF:6
LH:0
BRF:0
BRH:0
end_of_record
TN:
SF:src/stacks/stacks.service.ts
FN:14,(anonymous_4)
FN:19,(anonymous_5)
FN:30,(anonymous_6)
FN:34,(anonymous_7)
FN:38,(anonymous_8)
FN:52,(anonymous_9)
FN:63,(anonymous_10)
FN:73,(anonymous_11)
FN:86,(anonymous_12)
FNF:9
FNH:0
FNDA:0,(anonymous_4)
FNDA:0,(anonymous_5)
FNDA:0,(anonymous_6)
FNDA:0,(anonymous_7)
FNDA:0,(anonymous_8)
FNDA:0,(anonymous_9)
FNDA:0,(anonymous_10)
FNDA:0,(anonymous_11)
FNDA:0,(anonymous_12)
DA:1,2
DA:8,2
DA:9,2
DA:10,2
DA:13,2
DA:16,0
DA:20,0
DA:21,0
DA:22,0
DA:24,0
DA:25,0
DA:31,0
DA:35,0
DA:39,0
DA:41,0
DA:52,0
DA:58,0
DA:59,0
DA:64,0
DA:66,0
DA:67,0
DA:70,0
DA:74,0
DA:76,0
DA:81,0
DA:83,0
DA:87,0
DA:89,0
LF:28
LH:5
BRDA:24,0,0,0
BRDA:66,1,0,0
BRF:2
BRH:0
end_of_record
TN:
SF:src/stacks/dto/create-stack.dto.ts
FNF:0
FNH:0
DA:1,0
LF:1
LH:0
BRF:0
BRH:0
end_of_record
TN:
SF:src/stacks/dto/update-stack.dto.ts
FNF:0
FNH:0
DA:1,0
DA:2,0
DA:4,0
LF:3
LH:0
BRF:0
BRH:0
end_of_record
TN:
SF:src/stacks/entities/stack.entity.ts
FN:21,(anonymous_2)
FN:27,(anonymous_3)
FN:32,(anonymous_4)
FN:32,(anonymous_5)
FNF:4
FNH:0
FNDA:0,(anonymous_2)
FNDA:0,(anonymous_3)
FNDA:0,(anonymous_4)
FNDA:0,(anonymous_5)
DA:1,2
DA:2,2
DA:12,2
DA:14,2
DA:17,2
DA:21,0
DA:23,2
DA:27,0
DA:30,2
DA:32,0
DA:33,2
LF:11
LH:8
BRF:0
BRH:0
end_of_record
TN:
SF:src/upload/upload.controller.ts
FN:18,(anonymous_4)
FN:38,(anonymous_5)
FNF:2
FNH:1
FNDA:3,(anonymous_4)
FNDA:0,(anonymous_5)
DA:1,1
DA:10,1
DA:11,1
DA:12,1
DA:13,1
DA:17,1
DA:18,3
DA:38,1
DA:49,0
DA:53,0
LF:10
LH:8
BRF:0
BRH:0
end_of_record
TN:
SF:src/upload/upload.module.ts
FNF:0
FNH:0
DA:1,0
DA:2,0
DA:3,0
DA:4,0
DA:12,0
LF:5
LH:0
BRF:0
BRH:0
end_of_record
TN:
SF:src/upload/upload.service.ts
FN:11,(anonymous_2)
FN:13,(anonymous_3)
FNF:2
FNH:2
FNDA:5,(anonymous_2)
FNDA:2,(anonymous_3)
DA:1,2
DA:2,2
DA:3,2
DA:6,2
DA:7,5
DA:11,5
DA:14,2
DA:15,2
DA:16,2
DA:18,2
DA:19,2
DA:28,1
DA:30,1
LF:13
LH:13
BRF:0
BRH:0
end_of_record
TN:
SF:src/upload/dto/create-upload.dto.ts
FNF:0
FNH:0
DA:1,0
LF:1
LH:0
BRF:0
BRH:0
end_of_record
TN:
SF:src/upload/dto/update-upload.dto.ts
FNF:0
FNH:0
DA:1,0
DA:2,0
DA:4,0
LF:3
LH:0
BRF:0
BRH:0
end_of_record
TN:
SF:src/upload/entities/upload.entity.ts
FNF:0
FNH:0
DA:1,0
LF:1
LH:0
BRF:0
BRH:0
end_of_record
TN:
SF:src/users/users.controller.ts
FN:18,(anonymous_4)
FN:21,(anonymous_5)
FN:26,(anonymous_6)
FN:31,(anonymous_7)
FN:36,(anonymous_8)
FN:41,(anonymous_9)
FNF:6
FNH:0
FNDA:0,(anonymous_4)
FNDA:0,(anonymous_5)
FNDA:0,(anonymous_6)
FNDA:0,(anonymous_7)
FNDA:0,(anonymous_8)
FNDA:0,(anonymous_9)
DA:1,0
DA:10,0
DA:11,0
DA:12,0
DA:13,0
DA:17,0
DA:18,0
DA:21,0
DA:22,0
DA:26,0
DA:27,0
DA:31,0
DA:32,0
DA:36,0
DA:37,0
DA:41,0
DA:42,0
LF:17
LH:0
BRF:0
BRH:0
end_of_record
TN:
SF:src/users/users.module.ts
FNF:0
FNH:0
DA:1,0
DA:2,0
DA:3,0
DA:4,0
DA:5,0
DA:13,0
LF:6
LH:0
BRF:0
BRH:0
end_of_record
TN:
SF:src/users/users.service.ts
FN:15,(anonymous_4)
FN:20,(anonymous_5)
FN:37,(anonymous_6)
FN:41,(anonymous_7)
FN:54,(anonymous_8)
FN:64,(anonymous_9)
FN:74,(anonymous_10)
FN:78,(anonymous_11)
FNF:8
FNH:0
FNDA:0,(anonymous_4)
FNDA:0,(anonymous_5)
FNDA:0,(anonymous_6)
FNDA:0,(anonymous_7)
FNDA:0,(anonymous_8)
FNDA:0,(anonymous_9)
FNDA:0,(anonymous_10)
FNDA:0,(anonymous_11)
DA:1,2
DA:8,2
DA:9,2
DA:10,2
DA:11,2
DA:14,2
DA:17,0
DA:21,0
DA:22,0
DA:24,0
DA:25,0
DA:29,0
DA:31,0
DA:32,0
DA:38,0
DA:42,0
DA:55,0
DA:57,0
DA:58,0
DA:61,0
DA:65,0
DA:67,0
DA:68,0
DA:71,0
DA:75,0
DA:79,0
LF:26
LH:6
BRDA:31,0,0,0
BRDA:57,1,0,0
BRDA:67,2,0,0
BRF:3
BRH:0
end_of_record
TN:
SF:src/users/dto/create-user.dto.ts
FNF:0
FNH:0
DA:1,0
DA:3,0
DA:5,0
DA:8,0
DA:11,0
DA:14,0
LF:6
LH:0
BRF:0
BRH:0
end_of_record
TN:
SF:src/users/dto/update-user.dto.ts
FNF:0
FNH:0
DA:1,0
DA:2,0
DA:4,0
LF:3
LH:0
BRF:0
BRH:0
end_of_record
TN:
SF:src/users/entities/user.entity.ts
FN:28,(anonymous_2)
FN:34,(anonymous_3)
FNF:2
FNH:0
FNDA:0,(anonymous_2)
FNDA:0,(anonymous_3)
DA:1,2
DA:10,2
DA:12,2
DA:15,2
DA:18,2
DA:21,2
DA:24,2
DA:28,0
DA:30,2
DA:34,0
DA:37,2
LF:11
LH:9
BRF:0
BRH:0
end_of_record
